<?xml version="1.0" encoding="UTF-8"?>
<testng-results skipped="0" failed="0" total="1" passed="1">
  <reporter-output>
  </reporter-output>
  <suite name="Suite" duration-ms="26587" started-at="2020-05-10T12:49:04Z" finished-at="2020-05-10T12:49:31Z">
    <groups>
    </groups>
    <test name="Test" duration-ms="26587" started-at="2020-05-10T12:49:04Z" finished-at="2020-05-10T12:49:31Z">
      <class name="scripts.testBase">
        <test-method status="PASS" signature="browserInitializer()[pri:0, instance:scripts.testBase@7bb58ca3]" name="browserInitializer" duration-ms="26570" started-at="2020-05-10T18:19:04Z" finished-at="2020-05-10T18:19:31Z">
          <reporter-output>
          </reporter-output>
        </test-method> <!-- browserInitializer -->
      </class> <!-- scripts.testBase -->
    </test> <!-- Test -->
  </suite> <!-- Suite -->
</testng-results>
